2025-06-23 15:31:27,839 - ERROR - Не все переменные окружения установлены
2025-06-23 15:32:20,624 - INFO - Запуск бота...
2025-06-23 15:33:03,353 - INFO - Запуск бота...
2025-06-23 15:50:04,924 - INFO - Бот инициализирован
2025-06-23 15:50:04,924 - INFO - Поиск новых новостей...
2025-06-23 15:50:05,825 - INFO - Найдена новая новость: Metaplanet докупила 1111 BTC, почти поравнявшись с...
2025-06-23 15:50:06,277 - INFO - HTTP Request: POST https://api.telegram.org/bot7807813786:AAFPm98UeC3veo0_-P9uGL8LeKlC_SeVQiM/sendMessage "HTTP/1.1 200 OK"
2025-06-23 15:50:06,278 - INFO - Ожидание 3 часов до следующей проверки...
2025-06-23 15:55:16,518 - INFO - Бот инициализирован
2025-06-23 15:55:16,519 - INFO - Поиск новых новостей...
2025-06-23 15:55:17,419 - INFO - Найдена новость: Strategy замедлила темпы покупок биткоинов на фоне...
2025-06-23 15:55:17,875 - INFO - HTTP Request: POST https://api.telegram.org/bot7807813786:AAFPm98UeC3veo0_-P9uGL8LeKlC_SeVQiM/sendMessage "HTTP/1.1 200 OK"
2025-06-23 15:55:17,876 - INFO - Текстовый пост отправлен
2025-06-23 15:55:17,876 - INFO - Ожидание 3 часов...
2025-06-23 16:15:55,897 - INFO - Bot initialized successfully
2025-06-23 16:15:55,898 - INFO - Session initialized
2025-06-23 16:15:55,898 - INFO - Checking for new news...
2025-06-23 16:15:56,354 - INFO - New news found: Strategy замедлила темпы покупок биткоинов на фоне...
2025-06-23 16:15:56,500 - ERROR - Post sending error: send_photo() got an unexpected keyword argument 'disable_web_page_preview'
2025-06-23 16:15:56,500 - WARNING - Failed to post news
2025-06-23 16:15:56,500 - INFO - Waiting 3 hours...
2025-06-23 16:19:24,875 - INFO - Bot initialized successfully
2025-06-23 16:19:24,876 - INFO - Session initialized
2025-06-23 16:19:24,876 - INFO - Checking for new news...
2025-06-23 16:19:25,258 - INFO - New news found: Strategy замедлила темпы покупок биткоинов на фоне...
2025-06-23 16:19:26,537 - INFO - HTTP Request: POST https://api.telegram.org/bot7807813786:AAFPm98UeC3veo0_-P9uGL8LeKlC_SeVQiM/sendPhoto "HTTP/1.1 400 Bad Request"
2025-06-23 16:19:26,537 - ERROR - Post sending error: Failed to get http url content
2025-06-23 16:19:26,538 - WARNING - Failed to post news
2025-06-23 16:19:26,538 - INFO - Waiting 3 hours...
2025-06-23 16:25:17,138 - INFO - Bot initialized successfully
2025-06-23 16:25:17,138 - INFO - Session initialized
2025-06-23 16:25:17,139 - INFO - Checking for new news...
2025-06-23 16:25:17,412 - INFO - New news found: Strategy замедлила темпы покупок биткоинов на фоне...
2025-06-23 16:25:17,791 - INFO - HTTP Request: POST https://api.telegram.org/bot7807813786:AAFPm98UeC3veo0_-P9uGL8LeKlC_SeVQiM/sendPhoto "HTTP/1.1 400 Bad Request"
2025-06-23 16:25:19,871 - INFO - HTTP Request: POST https://api.telegram.org/bot7807813786:AAFPm98UeC3veo0_-P9uGL8LeKlC_SeVQiM/sendPhoto "HTTP/1.1 400 Bad Request"
2025-06-23 16:25:21,967 - INFO - HTTP Request: POST https://api.telegram.org/bot7807813786:AAFPm98UeC3veo0_-P9uGL8LeKlC_SeVQiM/sendPhoto "HTTP/1.1 400 Bad Request"
2025-06-23 16:25:21,967 - ERROR - Post sending failed after 3 attempts: Wrong type of the web page content
2025-06-23 16:25:21,967 - WARNING - Failed to post news
2025-06-23 16:25:21,968 - INFO - Waiting 3 hours...
2025-06-23 16:35:12,993 - INFO - Р‘РѕС‚ СѓСЃРїРµС€РЅРѕ РёРЅРёС†РёР°Р»РёР·РёСЂРѕРІР°РЅ
2025-06-23 16:35:12,993 - INFO - РЎРµСЃСЃРёСЏ aiohttp СѓСЃРїРµС€РЅРѕ СЃРѕР·РґР°РЅР°
2025-06-23 16:35:12,993 - INFO - РџСЂРѕРІРµСЂРєР° РЅРѕРІС‹С… РЅРѕРІРѕСЃС‚РµР№...
2025-06-23 16:35:13,286 - INFO - РќР°Р№РґРµРЅР° РЅРѕРІРѕСЃС‚СЊ: Strategy Р·Р°РјРµРґР»РёР»Р° С‚РµРјРїС‹ РїРѕРєСѓРїРѕРє Р±РёС‚РєРѕРёРЅРѕРІ РЅР° С„РѕРЅРµ...
2025-06-23 16:35:13,651 - INFO - HTTP Request: POST https://api.telegram.org/bot7807813786:AAFPm98UeC3veo0_-P9uGL8LeKlC_SeVQiM/sendPhoto "HTTP/1.1 400 Bad Request"
2025-06-23 16:35:14,754 - INFO - HTTP Request: POST https://api.telegram.org/bot7807813786:AAFPm98UeC3veo0_-P9uGL8LeKlC_SeVQiM/sendPhoto "HTTP/1.1 400 Bad Request"
2025-06-23 16:35:16,847 - INFO - HTTP Request: POST https://api.telegram.org/bot7807813786:AAFPm98UeC3veo0_-P9uGL8LeKlC_SeVQiM/sendPhoto "HTTP/1.1 400 Bad Request"
2025-06-23 16:35:16,848 - ERROR - РќРµ СѓРґР°Р»РѕСЃСЊ РѕС‚РїСЂР°РІРёС‚СЊ РїРѕСЃС‚ РїРѕСЃР»Рµ 3 РїРѕРїС‹С‚РѕРє: Wrong type of the web page content
2025-06-23 16:35:16,848 - WARNING - РќРµ СѓРґР°Р»РѕСЃСЊ РѕРїСѓР±Р»РёРєРѕРІР°С‚СЊ РЅРѕРІРѕСЃС‚СЊ
2025-06-23 16:35:16,848 - INFO - РћР¶РёРґР°РЅРёРµ 3 С‡Р°СЃРѕРІ...
2025-06-23 16:52:56,553 - INFO - Р‘РѕС‚ СѓСЃРїРµС€РЅРѕ РёРЅРёС†РёР°Р»РёР·РёСЂРѕРІР°РЅ
2025-06-23 16:52:56,553 - INFO - РЎРµСЃСЃРёСЏ aiohttp СѓСЃРїРµС€РЅРѕ СЃРѕР·РґР°РЅР°
2025-06-23 16:52:56,554 - INFO - РџСЂРѕРІРµСЂРєР° РЅРѕРІС‹С… РЅРѕРІРѕСЃС‚РµР№...
2025-06-23 16:52:57,448 - INFO - РќР°Р№РґРµРЅР° РЅРѕРІРѕСЃС‚СЊ: Strategy Р·Р°РјРµРґР»РёР»Р° С‚РµРјРїС‹ РїРѕРєСѓРїРѕРє Р±РёС‚РєРѕРёРЅРѕРІ РЅР° С„РѕРЅРµ...
2025-06-23 16:52:57,814 - INFO - HTTP Request: POST https://api.telegram.org/bot7807813786:AAFPm98UeC3veo0_-P9uGL8LeKlC_SeVQiM/sendPhoto "HTTP/1.1 400 Bad Request"
2025-06-23 16:52:58,915 - INFO - HTTP Request: POST https://api.telegram.org/bot7807813786:AAFPm98UeC3veo0_-P9uGL8LeKlC_SeVQiM/sendPhoto "HTTP/1.1 400 Bad Request"
2025-06-23 16:53:01,002 - INFO - HTTP Request: POST https://api.telegram.org/bot7807813786:AAFPm98UeC3veo0_-P9uGL8LeKlC_SeVQiM/sendPhoto "HTTP/1.1 400 Bad Request"
2025-06-23 16:53:01,003 - ERROR - РќРµ СѓРґР°Р»РѕСЃСЊ РѕС‚РїСЂР°РІРёС‚СЊ РїРѕСЃС‚ РїРѕСЃР»Рµ 3 РїРѕРїС‹С‚РѕРє: Wrong type of the web page content
2025-06-23 16:53:01,003 - WARNING - РќРµ СѓРґР°Р»РѕСЃСЊ РѕРїСѓР±Р»РёРєРѕРІР°С‚СЊ РЅРѕРІРѕСЃС‚СЊ
2025-06-23 16:53:01,003 - INFO - РћР¶РёРґР°РЅРёРµ 3 С‡Р°СЃРѕРІ...
2025-06-23 16:58:11,890 - INFO - Р‘РѕС‚ СѓСЃРїРµС€РЅРѕ РёРЅРёС†РёР°Р»РёР·РёСЂРѕРІР°РЅ
2025-06-23 16:58:11,891 - CRITICAL - Р¤Р°С‚Р°Р»СЊРЅР°СЏ РѕС€РёР±РєР°: 'CryptoNewsBot' object has no attribute 'run'
2025-06-23 16:58:11,891 - INFO - Р Р°Р±РѕС‚Р° Р±РѕС‚Р° Р·Р°РІРµСЂС€РµРЅР°
2025-06-23 18:39:49,876 - INFO - Р‘РѕС‚ СѓСЃРїРµС€РЅРѕ РёРЅРёС†РёР°Р»РёР·РёСЂРѕРІР°РЅ.
2025-06-23 18:39:49,877 - INFO - HTTP-СЃРµСЃСЃРёСЏ СѓСЃРїРµС€РЅРѕ СЃРѕР·РґР°РЅР°.
2025-06-23 18:39:49,877 - INFO - РџСЂРѕРІРµСЂРєР° РЅРѕРІС‹С… РЅРѕРІРѕСЃС‚РµР№...
2025-06-23 18:39:50,666 - INFO - РќР°Р№РґРµРЅР° РЅРѕРІРѕСЃС‚СЊ: Strategy Р·Р°РјРµРґР»РёР»Р° С‚РµРјРїС‹ РїРѕРєСѓРїРѕРє Р±РёС‚РєРѕРёРЅРѕРІ РЅР° С„РѕРЅРµ...
2025-06-23 18:39:51,008 - INFO - HTTP Request: POST https://api.telegram.org/bot7807813786:AAFPm98UeC3veo0_-P9uGL8LeKlC_SeVQiM/sendPhoto "HTTP/1.1 400 Bad Request"
2025-06-23 18:39:51,009 - WARNING - РћС€РёР±РєР° РѕС‚РїСЂР°РІРєРё (РїРѕРїС‹С‚РєР° 1/3): Wrong type of the web page content
2025-06-23 18:39:52,104 - INFO - HTTP Request: POST https://api.telegram.org/bot7807813786:AAFPm98UeC3veo0_-P9uGL8LeKlC_SeVQiM/sendPhoto "HTTP/1.1 400 Bad Request"
2025-06-23 18:39:52,104 - WARNING - РћС€РёР±РєР° РѕС‚РїСЂР°РІРєРё (РїРѕРїС‹С‚РєР° 2/3): Wrong type of the web page content
2025-06-23 18:39:54,235 - INFO - HTTP Request: POST https://api.telegram.org/bot7807813786:AAFPm98UeC3veo0_-P9uGL8LeKlC_SeVQiM/sendPhoto "HTTP/1.1 400 Bad Request"
2025-06-23 18:39:54,235 - WARNING - РћС€РёР±РєР° РѕС‚РїСЂР°РІРєРё (РїРѕРїС‹С‚РєР° 3/3): Wrong type of the web page content
2025-06-23 18:39:54,236 - ERROR - РќРµ СѓРґР°Р»РѕСЃСЊ РѕС‚РїСЂР°РІРёС‚СЊ РїРѕСЃС‚ РїРѕСЃР»Рµ РІСЃРµС… РїРѕРїС‹С‚РѕРє.
2025-06-23 18:39:54,236 - WARNING - РќРµ СѓРґР°Р»РѕСЃСЊ РїРѕРґРіРѕС‚РѕРІРёС‚СЊ РёР»Рё РѕС‚РїСЂР°РІРёС‚СЊ РЅРѕРІРѕСЃС‚СЊ.
2025-06-23 18:39:54,236 - INFO - РћР¶РёРґР°РЅРёРµ 3 С‡Р°СЃРѕРІ РїРµСЂРµРґ СЃР»РµРґСѓСЋС‰РµР№ РїСЂРѕРІРµСЂРєРѕР№.
2025-06-23 18:43:36,689 - INFO - Р‘РѕС‚ СѓСЃРїРµС€РЅРѕ РёРЅРёС†РёР°Р»РёР·РёСЂРѕРІР°РЅ.
2025-06-23 18:43:36,690 - INFO - HTTP-СЃРµСЃСЃРёСЏ СѓСЃРїРµС€РЅРѕ СЃРѕР·РґР°РЅР°.
2025-06-23 18:43:36,690 - INFO - РџСЂРѕРІРµСЂРєР° РЅРѕРІС‹С… РЅРѕРІРѕСЃС‚РµР№...
2025-06-23 18:43:37,028 - INFO - РќР°Р№РґРµРЅР° РЅРѕРІРѕСЃС‚СЊ: Strategy Р·Р°РјРµРґР»РёР»Р° С‚РµРјРїС‹ РїРѕРєСѓРїРѕРє Р±РёС‚РєРѕРёРЅРѕРІ РЅР° С„РѕРЅРµ...
2025-06-23 18:43:38,653 - INFO - HTTP Request: POST https://api.telegram.org/bot7807813786:AAFPm98UeC3veo0_-P9uGL8LeKlC_SeVQiM/sendPhoto "HTTP/1.1 400 Bad Request"
2025-06-23 18:43:38,654 - WARNING - РћС€РёР±РєР° РѕС‚РїСЂР°РІРєРё (РїРѕРїС‹С‚РєР° 1/3): Wrong type of the web page content
2025-06-23 18:43:39,733 - INFO - HTTP Request: POST https://api.telegram.org/bot7807813786:AAFPm98UeC3veo0_-P9uGL8LeKlC_SeVQiM/sendPhoto "HTTP/1.1 400 Bad Request"
2025-06-23 18:43:39,734 - WARNING - РћС€РёР±РєР° РѕС‚РїСЂР°РІРєРё (РїРѕРїС‹С‚РєР° 2/3): Wrong type of the web page content
2025-06-23 18:43:41,821 - INFO - HTTP Request: POST https://api.telegram.org/bot7807813786:AAFPm98UeC3veo0_-P9uGL8LeKlC_SeVQiM/sendPhoto "HTTP/1.1 400 Bad Request"
2025-06-23 18:43:41,822 - WARNING - РћС€РёР±РєР° РѕС‚РїСЂР°РІРєРё (РїРѕРїС‹С‚РєР° 3/3): Wrong type of the web page content
2025-06-23 18:43:41,822 - ERROR - РќРµ СѓРґР°Р»РѕСЃСЊ РѕС‚РїСЂР°РІРёС‚СЊ РїРѕСЃС‚ РїРѕСЃР»Рµ РІСЃРµС… РїРѕРїС‹С‚РѕРє.
2025-06-23 18:43:41,822 - WARNING - РќРµ СѓРґР°Р»РѕСЃСЊ РїРѕРґРіРѕС‚РѕРІРёС‚СЊ РёР»Рё РѕС‚РїСЂР°РІРёС‚СЊ РЅРѕРІРѕСЃС‚СЊ.
2025-06-23 18:43:41,822 - INFO - РћР¶РёРґР°РЅРёРµ 3 С‡Р°СЃРѕРІ РїРµСЂРµРґ СЃР»РµРґСѓСЋС‰РµР№ РїСЂРѕРІРµСЂРєРѕР№.
2025-06-23 18:44:18,320 - INFO - Р‘РѕС‚ СѓСЃРїРµС€РЅРѕ РёРЅРёС†РёР°Р»РёР·РёСЂРѕРІР°РЅ.
2025-06-23 18:44:18,321 - INFO - HTTP-СЃРµСЃСЃРёСЏ СѓСЃРїРµС€РЅРѕ СЃРѕР·РґР°РЅР°.
2025-06-23 18:44:18,321 - INFO - РџСЂРѕРІРµСЂРєР° РЅРѕРІС‹С… РЅРѕРІРѕСЃС‚РµР№...
2025-06-23 18:44:18,629 - INFO - РќР°Р№РґРµРЅР° РЅРѕРІРѕСЃС‚СЊ: Strategy Р·Р°РјРµРґР»РёР»Р° С‚РµРјРїС‹ РїРѕРєСѓРїРѕРє Р±РёС‚РєРѕРёРЅРѕРІ РЅР° С„РѕРЅРµ...
2025-06-23 18:44:18,954 - INFO - HTTP Request: POST https://api.telegram.org/bot7807813786:AAFPm98UeC3veo0_-P9uGL8LeKlC_SeVQiM/sendPhoto "HTTP/1.1 400 Bad Request"
2025-06-23 18:44:18,954 - WARNING - РћС€РёР±РєР° РѕС‚РїСЂР°РІРєРё (РїРѕРїС‹С‚РєР° 1/3): Wrong type of the web page content
2025-06-23 18:44:20,029 - INFO - HTTP Request: POST https://api.telegram.org/bot7807813786:AAFPm98UeC3veo0_-P9uGL8LeKlC_SeVQiM/sendPhoto "HTTP/1.1 400 Bad Request"
2025-06-23 18:44:20,030 - WARNING - РћС€РёР±РєР° РѕС‚РїСЂР°РІРєРё (РїРѕРїС‹С‚РєР° 2/3): Wrong type of the web page content
2025-06-23 18:44:22,161 - INFO - HTTP Request: POST https://api.telegram.org/bot7807813786:AAFPm98UeC3veo0_-P9uGL8LeKlC_SeVQiM/sendPhoto "HTTP/1.1 400 Bad Request"
2025-06-23 18:44:22,162 - WARNING - РћС€РёР±РєР° РѕС‚РїСЂР°РІРєРё (РїРѕРїС‹С‚РєР° 3/3): Wrong type of the web page content
2025-06-23 18:44:22,162 - ERROR - РќРµ СѓРґР°Р»РѕСЃСЊ РѕС‚РїСЂР°РІРёС‚СЊ РїРѕСЃС‚ РїРѕСЃР»Рµ РІСЃРµС… РїРѕРїС‹С‚РѕРє.
2025-06-23 18:44:22,162 - WARNING - РќРµ СѓРґР°Р»РѕСЃСЊ РїРѕРґРіРѕС‚РѕРІРёС‚СЊ РёР»Рё РѕС‚РїСЂР°РІРёС‚СЊ РЅРѕРІРѕСЃС‚СЊ.
2025-06-23 18:44:22,162 - INFO - РћР¶РёРґР°РЅРёРµ 3 С‡Р°СЃРѕРІ РїРµСЂРµРґ СЃР»РµРґСѓСЋС‰РµР№ РїСЂРѕРІРµСЂРєРѕР№.
2025-06-23 18:59:10,025 - INFO - Р‘РѕС‚ СѓСЃРїРµС€РЅРѕ РёРЅРёС†РёР°Р»РёР·РёСЂРѕРІР°РЅ.
2025-06-23 18:59:10,025 - INFO - HTTP-СЃРµСЃСЃРёСЏ СѓСЃРїРµС€РЅРѕ СЃРѕР·РґР°РЅР°.
2025-06-23 18:59:10,025 - INFO - РџСЂРѕРІРµСЂРєР° РЅРѕРІС‹С… РЅРѕРІРѕСЃС‚РµР№...
2025-06-23 18:59:10,330 - INFO - РќР°Р№РґРµРЅР° РЅРѕРІРѕСЃС‚СЊ: Strategy Р·Р°РјРµРґР»РёР»Р° С‚РµРјРїС‹ РїРѕРєСѓРїРѕРє Р±РёС‚РєРѕРёРЅРѕРІ РЅР° С„РѕРЅРµ...
2025-06-23 18:59:10,463 - INFO - Р’С‹Р±СЂР°РЅРЅРѕРµ РёР·РѕР±СЂР°Р¶РµРЅРёРµ: https://upload.wikimedia.org/wikipedia/commons/thumb/0/0b/Bitcoin.svg/1200px-Bitcoin.svg.png
2025-06-23 18:59:11,340 - INFO - HTTP Request: POST https://api.telegram.org/bot7807813786:AAFPm98UeC3veo0_-P9uGL8LeKlC_SeVQiM/sendPhoto "HTTP/1.1 400 Bad Request"
2025-06-23 18:59:11,341 - WARNING - РћС€РёР±РєР° РѕС‚РїСЂР°РІРєРё (РїРѕРїС‹С‚РєР° 1/3): Failed to get http url content
2025-06-23 18:59:12,512 - INFO - HTTP Request: POST https://api.telegram.org/bot7807813786:AAFPm98UeC3veo0_-P9uGL8LeKlC_SeVQiM/sendPhoto "HTTP/1.1 400 Bad Request"
2025-06-23 18:59:12,513 - WARNING - РћС€РёР±РєР° РѕС‚РїСЂР°РІРєРё (РїРѕРїС‹С‚РєР° 2/3): Wrong type of the web page content
2025-06-23 18:59:14,591 - INFO - HTTP Request: POST https://api.telegram.org/bot7807813786:AAFPm98UeC3veo0_-P9uGL8LeKlC_SeVQiM/sendPhoto "HTTP/1.1 400 Bad Request"
2025-06-23 18:59:14,592 - WARNING - РћС€РёР±РєР° РѕС‚РїСЂР°РІРєРё (РїРѕРїС‹С‚РєР° 3/3): Wrong type of the web page content
2025-06-23 18:59:14,592 - ERROR - РќРµ СѓРґР°Р»РѕСЃСЊ РѕС‚РїСЂР°РІРёС‚СЊ РїРѕСЃС‚ РїРѕСЃР»Рµ РІСЃРµС… РїРѕРїС‹С‚РѕРє.
2025-06-23 18:59:14,592 - WARNING - РќРµ СѓРґР°Р»РѕСЃСЊ РїРѕРґРіРѕС‚РѕРІРёС‚СЊ РёР»Рё РѕС‚РїСЂР°РІРёС‚СЊ РЅРѕРІРѕСЃС‚СЊ.
2025-06-23 18:59:14,592 - INFO - РћР¶РёРґР°РЅРёРµ 3 С‡Р°СЃРѕРІ РїРµСЂРµРґ СЃР»РµРґСѓСЋС‰РµР№ РїСЂРѕРІРµСЂРєРѕР№.
2025-06-23 19:03:37,236 - CRITICAL - РљСЂРёС‚РёС‡РµСЃРєР°СЏ РѕС€РёР±РєР° РёРЅРёС†РёР°Р»РёР·Р°С†РёРё: decorating_function() missing 1 required positional argument: 'user_function'
