2025-06-23 15:40:08,870 - DEBUG - Using proactor: IocpProactor
2025-06-23 15:40:08,871 - INFO - === Запуск бота ===
2025-06-23 15:40:08,871 - DEBUG - Инициализация бота
2025-06-23 15:40:08,872 - DEBUG - load_ssl_context verify=True cert=None trust_env=True http2=False
2025-06-23 15:40:08,873 - DEBUG - load_verify_locations cafile='C:\\Python39\\lib\\site-packages\\certifi\\cacert.pem'
2025-06-23 15:40:08,884 - DEBUG - load_ssl_context verify=True cert=None trust_env=True http2=False
2025-06-23 15:40:08,884 - DEBUG - load_verify_locations cafile='C:\\Python39\\lib\\site-packages\\certifi\\cacert.pem'
2025-06-23 15:40:08,894 - INFO - Бот успешно инициализирован
2025-06-23 15:40:08,894 - DEBUG - Инициализация сессии aiohttp
2025-06-23 15:40:08,899 - DEBUG - Первоначальная проверка новостей
2025-06-23 15:40:08,899 - DEBUG - Запрос к RSS: https://ru.cointelegraph.com/rss
2025-06-23 15:40:09,168 - DEBUG - Получено 30 новостей
2025-06-23 15:40:09,169 - DEBUG - Найдено 30 новостей для отправки
2025-06-23 15:40:09,169 - DEBUG - Попытка отправки новости: Metaplanet докупила ...
2025-06-23 15:40:09,169 - DEBUG - Entering: send_message
2025-06-23 15:40:09,420 - INFO - HTTP Request: POST https://api.telegram.org/bot7807813786:AAFPm98UeC3veo0_-P9uGL8LeKlC_SeVQiM/sendMessage "HTTP/1.1 400 Bad Request"
2025-06-23 15:40:09,420 - ERROR - Ошибка отправки: Can't parse entities: unsupported start tag "p" at byte offset 91
2025-06-23 15:40:10,433 - DEBUG - Попытка отправки новости: СМИ: криптобиржа OKX...
2025-06-23 15:40:10,433 - DEBUG - Entering: send_message
2025-06-23 15:40:10,500 - INFO - HTTP Request: POST https://api.telegram.org/bot7807813786:AAFPm98UeC3veo0_-P9uGL8LeKlC_SeVQiM/sendMessage "HTTP/1.1 400 Bad Request"
2025-06-23 15:40:10,500 - ERROR - Ошибка отправки: Can't parse entities: unsupported start tag "p" at byte offset 107
2025-06-23 15:40:11,516 - DEBUG - Попытка отправки новости: Майнинг в России: пе...
2025-06-23 15:40:11,516 - DEBUG - Entering: send_message
2025-06-23 15:40:11,578 - INFO - HTTP Request: POST https://api.telegram.org/bot7807813786:AAFPm98UeC3veo0_-P9uGL8LeKlC_SeVQiM/sendMessage "HTTP/1.1 400 Bad Request"
2025-06-23 15:40:11,579 - ERROR - Ошибка отправки: Can't parse entities: unsupported start tag "p" at byte offset 119
2025-06-23 15:40:12,588 - DEBUG - Ожидание 60 секунд до следующей проверки...
2025-06-23 15:41:12,601 - DEBUG - Запрос к RSS: https://ru.cointelegraph.com/rss
2025-06-23 15:41:12,897 - DEBUG - Получено 30 новостей
2025-06-23 15:41:12,898 - DEBUG - Найдено 30 новых новостей
2025-06-23 15:41:12,899 - DEBUG - Попытка отправки новости: Metaplanet докупила ...
2025-06-23 15:41:12,900 - DEBUG - Entering: send_message
2025-06-23 15:41:13,088 - INFO - HTTP Request: POST https://api.telegram.org/bot7807813786:AAFPm98UeC3veo0_-P9uGL8LeKlC_SeVQiM/sendMessage "HTTP/1.1 400 Bad Request"
2025-06-23 15:41:13,089 - ERROR - Ошибка отправки: Can't parse entities: unsupported start tag "p" at byte offset 91
2025-06-23 15:41:14,106 - DEBUG - Попытка отправки новости: СМИ: криптобиржа OKX...
2025-06-23 15:41:14,106 - DEBUG - Entering: send_message
2025-06-23 15:41:14,167 - INFO - HTTP Request: POST https://api.telegram.org/bot7807813786:AAFPm98UeC3veo0_-P9uGL8LeKlC_SeVQiM/sendMessage "HTTP/1.1 400 Bad Request"
2025-06-23 15:41:14,168 - ERROR - Ошибка отправки: Can't parse entities: unsupported start tag "p" at byte offset 107
2025-06-23 15:41:15,173 - DEBUG - Попытка отправки новости: Майнинг в России: пе...
2025-06-23 15:41:15,173 - DEBUG - Entering: send_message
2025-06-23 15:41:15,235 - INFO - HTTP Request: POST https://api.telegram.org/bot7807813786:AAFPm98UeC3veo0_-P9uGL8LeKlC_SeVQiM/sendMessage "HTTP/1.1 400 Bad Request"
2025-06-23 15:41:15,236 - ERROR - Ошибка отправки: Can't parse entities: unsupported start tag "p" at byte offset 119
2025-06-23 15:41:16,243 - DEBUG - Ожидание 60 секунд до следующей проверки...
2025-06-23 15:42:16,255 - DEBUG - Запрос к RSS: https://ru.cointelegraph.com/rss
2025-06-23 15:42:16,637 - DEBUG - Получено 30 новостей
2025-06-23 15:42:16,637 - DEBUG - Найдено 30 новых новостей
2025-06-23 15:42:16,638 - DEBUG - Попытка отправки новости: Metaplanet докупила ...
2025-06-23 15:42:16,639 - DEBUG - Entering: send_message
2025-06-23 15:42:16,811 - INFO - HTTP Request: POST https://api.telegram.org/bot7807813786:AAFPm98UeC3veo0_-P9uGL8LeKlC_SeVQiM/sendMessage "HTTP/1.1 400 Bad Request"
2025-06-23 15:42:16,812 - ERROR - Ошибка отправки: Can't parse entities: unsupported start tag "p" at byte offset 91
2025-06-23 15:42:17,818 - DEBUG - Попытка отправки новости: СМИ: криптобиржа OKX...
2025-06-23 15:42:17,818 - DEBUG - Entering: send_message
2025-06-23 15:42:17,873 - INFO - HTTP Request: POST https://api.telegram.org/bot7807813786:AAFPm98UeC3veo0_-P9uGL8LeKlC_SeVQiM/sendMessage "HTTP/1.1 400 Bad Request"
2025-06-23 15:42:17,873 - ERROR - Ошибка отправки: Can't parse entities: unsupported start tag "p" at byte offset 107
2025-06-23 15:42:18,876 - DEBUG - Попытка отправки новости: Майнинг в России: пе...
2025-06-23 15:42:18,876 - DEBUG - Entering: send_message
2025-06-23 15:42:18,933 - INFO - HTTP Request: POST https://api.telegram.org/bot7807813786:AAFPm98UeC3veo0_-P9uGL8LeKlC_SeVQiM/sendMessage "HTTP/1.1 400 Bad Request"
2025-06-23 15:42:18,933 - ERROR - Ошибка отправки: Can't parse entities: unsupported start tag "p" at byte offset 119
2025-06-23 15:42:19,947 - DEBUG - Ожидание 60 секунд до следующей проверки...
2025-06-23 15:43:19,957 - DEBUG - Запрос к RSS: https://ru.cointelegraph.com/rss
2025-06-23 15:43:20,230 - DEBUG - Получено 30 новостей
2025-06-23 15:43:20,231 - DEBUG - Найдено 30 новых новостей
2025-06-23 15:43:20,232 - DEBUG - Попытка отправки новости: Metaplanet докупила ...
2025-06-23 15:43:20,232 - DEBUG - Entering: send_message
2025-06-23 15:43:20,424 - INFO - HTTP Request: POST https://api.telegram.org/bot7807813786:AAFPm98UeC3veo0_-P9uGL8LeKlC_SeVQiM/sendMessage "HTTP/1.1 400 Bad Request"
2025-06-23 15:43:20,424 - ERROR - Ошибка отправки: Can't parse entities: unsupported start tag "p" at byte offset 91
2025-06-23 15:43:21,438 - DEBUG - Попытка отправки новости: СМИ: криптобиржа OKX...
2025-06-23 15:43:21,438 - DEBUG - Entering: send_message
2025-06-23 15:43:21,500 - INFO - HTTP Request: POST https://api.telegram.org/bot7807813786:AAFPm98UeC3veo0_-P9uGL8LeKlC_SeVQiM/sendMessage "HTTP/1.1 400 Bad Request"
2025-06-23 15:43:21,500 - ERROR - Ошибка отправки: Can't parse entities: unsupported start tag "p" at byte offset 107
2025-06-23 15:43:22,502 - DEBUG - Попытка отправки новости: Майнинг в России: пе...
2025-06-23 15:43:22,502 - DEBUG - Entering: send_message
2025-06-23 15:43:22,573 - INFO - HTTP Request: POST https://api.telegram.org/bot7807813786:AAFPm98UeC3veo0_-P9uGL8LeKlC_SeVQiM/sendMessage "HTTP/1.1 400 Bad Request"
2025-06-23 15:43:22,573 - ERROR - Ошибка отправки: Can't parse entities: unsupported start tag "p" at byte offset 119
2025-06-23 15:43:23,577 - DEBUG - Ожидание 60 секунд до следующей проверки...
2025-06-23 15:44:23,586 - DEBUG - Запрос к RSS: https://ru.cointelegraph.com/rss
2025-06-23 15:44:24,153 - DEBUG - Получено 30 новостей
2025-06-23 15:44:24,153 - DEBUG - Найдено 30 новых новостей
2025-06-23 15:44:24,154 - DEBUG - Попытка отправки новости: Metaplanet докупила ...
2025-06-23 15:44:24,154 - DEBUG - Entering: send_message
2025-06-23 15:44:24,314 - INFO - HTTP Request: POST https://api.telegram.org/bot7807813786:AAFPm98UeC3veo0_-P9uGL8LeKlC_SeVQiM/sendMessage "HTTP/1.1 400 Bad Request"
2025-06-23 15:44:24,315 - ERROR - Ошибка отправки: Can't parse entities: unsupported start tag "p" at byte offset 91
2025-06-23 15:44:25,322 - DEBUG - Попытка отправки новости: СМИ: криптобиржа OKX...
2025-06-23 15:44:25,322 - DEBUG - Entering: send_message
2025-06-23 15:44:25,376 - INFO - HTTP Request: POST https://api.telegram.org/bot7807813786:AAFPm98UeC3veo0_-P9uGL8LeKlC_SeVQiM/sendMessage "HTTP/1.1 400 Bad Request"
2025-06-23 15:44:25,376 - ERROR - Ошибка отправки: Can't parse entities: unsupported start tag "p" at byte offset 107
2025-06-23 15:44:26,392 - DEBUG - Попытка отправки новости: Майнинг в России: пе...
2025-06-23 15:44:26,392 - DEBUG - Entering: send_message
2025-06-23 15:44:26,450 - INFO - HTTP Request: POST https://api.telegram.org/bot7807813786:AAFPm98UeC3veo0_-P9uGL8LeKlC_SeVQiM/sendMessage "HTTP/1.1 400 Bad Request"
2025-06-23 15:44:26,451 - ERROR - Ошибка отправки: Can't parse entities: unsupported start tag "p" at byte offset 119
2025-06-23 15:44:27,462 - DEBUG - Ожидание 60 секунд до следующей проверки...
2025-06-23 15:45:27,470 - DEBUG - Запрос к RSS: https://ru.cointelegraph.com/rss
2025-06-23 15:45:27,742 - DEBUG - Получено 30 новостей
2025-06-23 15:45:27,742 - DEBUG - Найдено 30 новых новостей
2025-06-23 15:45:27,743 - DEBUG - Попытка отправки новости: Metaplanet докупила ...
2025-06-23 15:45:27,744 - DEBUG - Entering: send_message
2025-06-23 15:45:27,931 - INFO - HTTP Request: POST https://api.telegram.org/bot7807813786:AAFPm98UeC3veo0_-P9uGL8LeKlC_SeVQiM/sendMessage "HTTP/1.1 400 Bad Request"
2025-06-23 15:45:27,932 - ERROR - Ошибка отправки: Can't parse entities: unsupported start tag "p" at byte offset 91
2025-06-23 15:45:28,949 - DEBUG - Попытка отправки новости: СМИ: криптобиржа OKX...
2025-06-23 15:45:28,949 - DEBUG - Entering: send_message
2025-06-23 15:45:29,009 - INFO - HTTP Request: POST https://api.telegram.org/bot7807813786:AAFPm98UeC3veo0_-P9uGL8LeKlC_SeVQiM/sendMessage "HTTP/1.1 400 Bad Request"
2025-06-23 15:45:29,009 - ERROR - Ошибка отправки: Can't parse entities: unsupported start tag "p" at byte offset 107
2025-06-23 15:45:30,018 - DEBUG - Попытка отправки новости: Майнинг в России: пе...
2025-06-23 15:45:30,018 - DEBUG - Entering: send_message
2025-06-23 15:45:30,083 - INFO - HTTP Request: POST https://api.telegram.org/bot7807813786:AAFPm98UeC3veo0_-P9uGL8LeKlC_SeVQiM/sendMessage "HTTP/1.1 400 Bad Request"
2025-06-23 15:45:30,083 - ERROR - Ошибка отправки: Can't parse entities: unsupported start tag "p" at byte offset 119
2025-06-23 15:45:31,087 - DEBUG - Ожидание 60 секунд до следующей проверки...
2025-06-23 15:46:34,689 - DEBUG - Using proactor: IocpProactor
2025-06-23 15:46:34,690 - INFO - === Запуск бота ===
2025-06-23 15:46:34,690 - DEBUG - Инициализация бота
2025-06-23 15:46:34,692 - DEBUG - load_ssl_context verify=True cert=None trust_env=True http2=False
2025-06-23 15:46:34,692 - DEBUG - load_verify_locations cafile='C:\\Python39\\lib\\site-packages\\certifi\\cacert.pem'
2025-06-23 15:46:34,703 - DEBUG - load_ssl_context verify=True cert=None trust_env=True http2=False
2025-06-23 15:46:34,704 - DEBUG - load_verify_locations cafile='C:\\Python39\\lib\\site-packages\\certifi\\cacert.pem'
2025-06-23 15:46:34,714 - INFO - Бот успешно инициализирован
2025-06-23 15:46:34,714 - DEBUG - Инициализация сессии aiohttp
2025-06-23 15:46:34,714 - DEBUG - Первоначальная проверка новостей
2025-06-23 15:46:34,714 - DEBUG - Запрос к RSS: https://ru.cointelegraph.com/rss
2025-06-23 15:46:35,024 - DEBUG - Получено 30 новостей
2025-06-23 15:46:35,025 - DEBUG - Найдено 30 новостей для отправки
2025-06-23 15:46:35,026 - DEBUG - Попытка отправки новости: Metaplanet докупила ...
2025-06-23 15:46:35,027 - DEBUG - Entering: send_message
2025-06-23 15:46:35,345 - INFO - HTTP Request: POST https://api.telegram.org/bot7807813786:AAFPm98UeC3veo0_-P9uGL8LeKlC_SeVQiM/sendMessage "HTTP/1.1 200 OK"
2025-06-23 15:46:35,346 - DEBUG - Message(api_kwargs={'link_preview_options': {'is_disabled': True}}, channel_chat_created=False, chat=Chat(id=-1002562882880, title='Криптодьяк', type=<ChatType.CHANNEL>, username='cryptodjak'), date=datetime.datetime(2025, 6, 23, 12, 46, 34, tzinfo=<UTC>), delete_chat_photo=False, entities=(MessageEntity(length=56, offset=0, type=<MessageEntityType.BOLD>), MessageEntity(length=12, offset=186, type=<MessageEntityType.TEXT_LINK>, url='https://ru.cointelegraph.com/news/metaplanet-buys-1-111-bitcoin-approaches-tesla-s-btc-holdings?utm_source=rss_feed&utm_medium=rss&utm_campaign=rss_partner_inbound')), group_chat_created=False, message_id=211, sender_chat=Chat(id=-1002562882880, title='Криптодьяк', type=<ChatType.CHANNEL>, username='cryptodjak'), supergroup_chat_created=False, text='Metaplanet докупила 1111 BTC, почти поравнявшись с Tesla\n\nКомпания Metaplanet пополнила резервы в первой криптовалюте на 1111 BTC, до 11 111 BTC, что на 398 BTC меньше, чем у Tesla....\n\nЧитать далее')
2025-06-23 15:46:35,348 - DEBUG - Exiting: send_message
2025-06-23 15:46:35,348 - INFO - Отправлена новость: Metaplanet докупила ...
2025-06-23 15:46:36,352 - DEBUG - Попытка отправки новости: СМИ: криптобиржа OKX...
2025-06-23 15:46:36,352 - DEBUG - Entering: send_message
2025-06-23 15:46:36,603 - INFO - HTTP Request: POST https://api.telegram.org/bot7807813786:AAFPm98UeC3veo0_-P9uGL8LeKlC_SeVQiM/sendMessage "HTTP/1.1 200 OK"
2025-06-23 15:46:36,604 - DEBUG - Message(api_kwargs={'link_preview_options': {'is_disabled': True}}, channel_chat_created=False, chat=Chat(id=-1002562882880, title='Криптодьяк', type=<ChatType.CHANNEL>, username='cryptodjak'), date=datetime.datetime(2025, 6, 23, 12, 46, 36, tzinfo=<UTC>), delete_chat_photo=False, entities=(MessageEntity(length=56, offset=0, type=<MessageEntityType.BOLD>), MessageEntity(length=12, offset=170, type=<MessageEntityType.TEXT_LINK>, url='https://ru.cointelegraph.com/news/okx-crypto-exhchange-ipo-united-states-relaunch?utm_source=rss_feed&utm_medium=rss&utm_campaign=rss_partner_inbound')), group_chat_created=False, message_id=212, sender_chat=Chat(id=-1002562882880, title='Криптодьяк', type=<ChatType.CHANNEL>, username='cryptodjak'), supergroup_chat_created=False, text='СМИ: криптобиржа OKX рассматривает возможность IPO в США\n\nOKX изучает возможность проведения IPO в США на фоне регуляторного давления на криптовалютную биржу в Азии....\n\nЧитать далее')
2025-06-23 15:46:36,605 - DEBUG - Exiting: send_message
2025-06-23 15:46:36,606 - INFO - Отправлена новость: СМИ: криптобиржа OKX...
2025-06-23 15:46:37,613 - DEBUG - Попытка отправки новости: Майнинг в России: пе...
2025-06-23 15:46:37,613 - DEBUG - Entering: send_message
2025-06-23 15:46:37,739 - INFO - HTTP Request: POST https://api.telegram.org/bot7807813786:AAFPm98UeC3veo0_-P9uGL8LeKlC_SeVQiM/sendMessage "HTTP/1.1 200 OK"
2025-06-23 15:46:37,740 - DEBUG - Message(api_kwargs={'link_preview_options': {'is_disabled': True}}, channel_chat_created=False, chat=Chat(id=-1002562882880, title='Криптодьяк', type=<ChatType.CHANNEL>, username='cryptodjak'), date=datetime.datetime(2025, 6, 23, 12, 46, 37, tzinfo=<UTC>), delete_chat_photo=False, entities=(MessageEntity(length=59, offset=0, type=<MessageEntityType.BOLD>), MessageEntity(length=12, offset=230, type=<MessageEntityType.TEXT_LINK>, url='https://ru.cointelegraph.com/news/majning-v-rossii-perspektivy-i-izmenenia-posle-legalizacii?utm_source=rss_feed&utm_medium=rss&utm_campaign=rss_partner_inbound')), group_chat_created=False, message_id=213, sender_chat=Chat(id=-1002562882880, title='Криптодьяк', type=<ChatType.CHANNEL>, username='cryptodjak'), supergroup_chat_created=False, text='Майнинг в России: перспективы и изменения после легализации\n\nРазбираемся, как легализация майнинга в РФ повлияла на участников сектора, кто остался в серой зоне и какие шансы у страны стать мировым центром добычи криптовалют....\n\nЧитать далее')
2025-06-23 15:46:37,741 - DEBUG - Exiting: send_message
2025-06-23 15:46:37,741 - INFO - Отправлена новость: Майнинг в России: пе...
2025-06-23 15:46:38,747 - DEBUG - Ожидание 60 секунд до следующей проверки...
